Traceback (most recent call last):
  File "/Volumes/IngwerSSD/DATA/College/project-workspace/deep_learning-forecasting-dinas-sumber-daya air/TimeSeriesClass/start_training.py", line 6, in <module>
    from get_data import get_data_for_train
  File "/Volumes/IngwerSSD/DATA/College/project-workspace/deep_learning-forecasting-dinas-sumber-daya air/TimeSeriesClass/get_data.py", line 2, in <module>
    from database.db_utils import connect_db, close_db_connection, execute_sql_query
ModuleNotFoundError: No module named 'database'
Traceback (most recent call last):
  File "/Volumes/IngwerSSD/DATA/College/project-workspace/deep_learning-forecasting-dinas-sumber-daya air/TimeSeriesClass/start_training.py", line 6, in <module>
    from get_data import get_data_for_train
  File "/Volumes/IngwerSSD/DATA/College/project-workspace/deep_learning-forecasting-dinas-sumber-daya air/TimeSeriesClass/get_data.py", line 2, in <module>
    from database.db_utils import connect_db, close_db_connection, execute_sql_query
ModuleNotFoundError: No module named 'database'
Traceback (most recent call last):
  File "/Volumes/IngwerSSD/DATA/College/project-workspace/deep_learning-forecasting-dinas-sumber-daya air/TimeSeriesClass/start_training.py", line 6, in <module>
    from get_data import get_data_for_train
  File "/Volumes/IngwerSSD/DATA/College/project-workspace/deep_learning-forecasting-dinas-sumber-daya air/TimeSeriesClass/get_data.py", line 2, in <module>
    from database.db_utils import connect_db, close_db_connection, execute_sql_query
ModuleNotFoundError: No module named 'database'
Traceback (most recent call last):
  File "/Volumes/IngwerSSD/DATA/College/project-workspace/deep_learning-forecasting-dinas-sumber-daya air/TimeSeriesClass/start_training.py", line 6, in <module>
    from get_data import get_data_for_train
  File "/Volumes/IngwerSSD/DATA/College/project-workspace/deep_learning-forecasting-dinas-sumber-daya air/TimeSeriesClass/get_data.py", line 2, in <module>
    from database.db_utils import connect_db, close_db_connection, execute_sql_query
ModuleNotFoundError: No module named 'database'
Traceback (most recent call last):
  File "/Volumes/IngwerSSD/DATA/College/project-workspace/deep_learning-forecasting-dinas-sumber-daya air/TimeSeriesClass/start_training.py", line 6, in <module>
    from get_data import get_data_for_train
  File "/Volumes/IngwerSSD/DATA/College/project-workspace/deep_learning-forecasting-dinas-sumber-daya air/TimeSeriesClass/get_data.py", line 2, in <module>
    from database.db_utils import connect_db, close_db_connection, execute_sql_query
ModuleNotFoundError: No module named 'database'
